Drill report for D:\UIT\Semester 7 FALL-2022\Aurangzeb Ansari\LCS Lab Project\LCS_Lab_Project\LCS_Lab_Project.kicad_pcb
Created on 01/22/23 23:33:08

Copper Layer Stackup:
    =============================================================
    L1 :  F.Cu                      front
    L2 :  B.Cu                      back


Drill file 'LCS_Lab_Project-PTH.drl' contains
    plated through holes:
    =============================================================
    T1  0.750mm  0.0295"  (9 holes)
    T2  0.800mm  0.0315"  (136 holes)
    T3  0.900mm  0.0354"  (9 holes)
    T4  1.000mm  0.0394"  (9 holes)
    T5  1.100mm  0.0433"  (5 holes)
    T6  1.200mm  0.0472"  (12 holes)
    T7  1.300mm  0.0512"  (12 holes)

    Total plated holes count 192


Drill file 'LCS_Lab_Project-NPTH.drl' contains
    unplated through holes:
    =============================================================

    Total unplated holes count 0
